<?xml version="1.0" encoding="UTF-8" ?>
<testsuite tests="1" failures="0" name="com.example.MyResourceTest" time="1.778" errors="0" skipped="0">
  <properties>
    <property name="java.runtime.name" value="Java(TM) SE Runtime Environment"/>
    <property name="sun.boot.library.path" value="/Library/Java/JavaVirtualMachines/jdk1.8.0_45.jdk/Contents/Home/jre/lib"/>
    <property name="java.vm.version" value="25.45-b02"/>
    <property name="gopherProxySet" value="false"/>
    <property name="java.vm.vendor" value="Oracle Corporation"/>
    <property name="java.vendor.url" value="http://java.oracle.com/"/>
    <property name="path.separator" value=":"/>
    <property name="java.vm.name" value="Java HotSpot(TM) 64-Bit Server VM"/>
    <property name="file.encoding.pkg" value="sun.io"/>
    <property name="user.country" value="US"/>
    <property name="sun.java.launcher" value="SUN_STANDARD"/>
    <property name="sun.os.patch.level" value="unknown"/>
    <property name="java.vm.specification.name" value="Java Virtual Machine Specification"/>
    <property name="user.dir" value="/Users/mm6/mm6/www/95-733/HerokuTesting6/simple-heroku-webapp"/>
    <property name="java.runtime.version" value="1.8.0_45-b14"/>
    <property name="java.awt.graphicsenv" value="sun.awt.CGraphicsEnvironment"/>
    <property name="basedir" value="/Users/mm6/mm6/www/95-733/HerokuTesting6/simple-heroku-webapp"/>
    <property name="java.endorsed.dirs" value="/Library/Java/JavaVirtualMachines/jdk1.8.0_45.jdk/Contents/Home/jre/lib/endorsed"/>
    <property name="os.arch" value="x86_64"/>
    <property name="surefire.real.class.path" value="/Users/mm6/mm6/www/95-733/HerokuTesting6/simple-heroku-webapp/target/surefire/surefirebooter6690955229336078297.jar"/>
    <property name="java.io.tmpdir" value="/var/folders/dc/3b224w7s5cg68_kwll3gj6z80000gp/T/"/>
    <property name="line.separator" value="
"/>
    <property name="java.vm.specification.vendor" value="Oracle Corporation"/>
    <property name="os.name" value="Mac OS X"/>
    <property name="sun.jnu.encoding" value="UTF-8"/>
    <property name="java.library.path" value="/Users/mm6/Library/Java/Extensions:/Library/Java/Extensions:/Network/Library/Java/Extensions:/System/Library/Java/Extensions:/usr/lib/java:."/>
    <property name="surefire.test.class.path" value="/Users/mm6/mm6/www/95-733/HerokuTesting6/simple-heroku-webapp/target/test-classes:/Users/mm6/mm6/www/95-733/HerokuTesting6/simple-heroku-webapp/target/classes:/Users/mm6/.m2/repository/org/glassfish/jersey/containers/jersey-container-servlet/2.18/jersey-container-servlet-2.18.jar:/Users/mm6/.m2/repository/org/glassfish/jersey/containers/jersey-container-servlet-core/2.18/jersey-container-servlet-core-2.18.jar:/Users/mm6/.m2/repository/org/glassfish/hk2/external/javax.inject/2.4.0-b12/javax.inject-2.4.0-b12.jar:/Users/mm6/.m2/repository/org/glassfish/jersey/core/jersey-common/2.18/jersey-common-2.18.jar:/Users/mm6/.m2/repository/javax/annotation/javax.annotation-api/1.2/javax.annotation-api-1.2.jar:/Users/mm6/.m2/repository/org/glassfish/jersey/bundles/repackaged/jersey-guava/2.18/jersey-guava-2.18.jar:/Users/mm6/.m2/repository/org/glassfish/hk2/hk2-api/2.4.0-b12/hk2-api-2.4.0-b12.jar:/Users/mm6/.m2/repository/org/glassfish/hk2/hk2-utils/2.4.0-b12/hk2-utils-2.4.0-b12.jar:/Users/mm6/.m2/repository/org/glassfish/hk2/external/aopalliance-repackaged/2.4.0-b12/aopalliance-repackaged-2.4.0-b12.jar:/Users/mm6/.m2/repository/org/glassfish/hk2/hk2-locator/2.4.0-b12/hk2-locator-2.4.0-b12.jar:/Users/mm6/.m2/repository/org/javassist/javassist/3.18.1-GA/javassist-3.18.1-GA.jar:/Users/mm6/.m2/repository/org/glassfish/hk2/osgi-resource-locator/1.0.1/osgi-resource-locator-1.0.1.jar:/Users/mm6/.m2/repository/org/glassfish/jersey/core/jersey-server/2.18/jersey-server-2.18.jar:/Users/mm6/.m2/repository/org/glassfish/jersey/core/jersey-client/2.18/jersey-client-2.18.jar:/Users/mm6/.m2/repository/org/glassfish/jersey/media/jersey-media-jaxb/2.18/jersey-media-jaxb-2.18.jar:/Users/mm6/.m2/repository/javax/validation/validation-api/1.1.0.Final/validation-api-1.1.0.Final.jar:/Users/mm6/.m2/repository/javax/ws/rs/javax.ws.rs-api/2.0.1/javax.ws.rs-api-2.0.1.jar:/Users/mm6/.m2/repository/org/eclipse/jetty/jetty-servlet/9.0.6.v20130930/jetty-servlet-9.0.6.v20130930.jar:/Users/mm6/.m2/repository/org/eclipse/jetty/jetty-security/9.0.6.v20130930/jetty-security-9.0.6.v20130930.jar:/Users/mm6/.m2/repository/org/eclipse/jetty/jetty-server/9.0.6.v20130930/jetty-server-9.0.6.v20130930.jar:/Users/mm6/.m2/repository/org/eclipse/jetty/orbit/javax.servlet/3.0.0.v201112011016/javax.servlet-3.0.0.v201112011016.jar:/Users/mm6/.m2/repository/org/eclipse/jetty/jetty-http/9.0.6.v20130930/jetty-http-9.0.6.v20130930.jar:/Users/mm6/.m2/repository/org/eclipse/jetty/jetty-io/9.0.6.v20130930/jetty-io-9.0.6.v20130930.jar:/Users/mm6/.m2/repository/org/eclipse/jetty/jetty-webapp/9.0.6.v20130930/jetty-webapp-9.0.6.v20130930.jar:/Users/mm6/.m2/repository/org/eclipse/jetty/jetty-xml/9.0.6.v20130930/jetty-xml-9.0.6.v20130930.jar:/Users/mm6/.m2/repository/org/eclipse/jetty/jetty-util/9.0.6.v20130930/jetty-util-9.0.6.v20130930.jar:/Users/mm6/.m2/repository/org/glassfish/jersey/test-framework/providers/jersey-test-framework-provider-grizzly2/2.18/jersey-test-framework-provider-grizzly2-2.18.jar:/Users/mm6/.m2/repository/org/glassfish/jersey/test-framework/jersey-test-framework-core/2.18/jersey-test-framework-core-2.18.jar:/Users/mm6/.m2/repository/javax/servlet/javax.servlet-api/3.0.1/javax.servlet-api-3.0.1.jar:/Users/mm6/.m2/repository/org/glassfish/jersey/containers/jersey-container-grizzly2-http/2.18/jersey-container-grizzly2-http-2.18.jar:/Users/mm6/.m2/repository/org/glassfish/grizzly/grizzly-http-server/2.3.19/grizzly-http-server-2.3.19.jar:/Users/mm6/.m2/repository/org/glassfish/grizzly/grizzly-http/2.3.19/grizzly-http-2.3.19.jar:/Users/mm6/.m2/repository/org/glassfish/grizzly/grizzly-framework/2.3.19/grizzly-framework-2.3.19.jar:/Users/mm6/.m2/repository/org/glassfish/jersey/containers/jersey-container-grizzly2-servlet/2.18/jersey-container-grizzly2-servlet-2.18.jar:/Users/mm6/.m2/repository/org/glassfish/grizzly/grizzly-http-servlet/2.3.19/grizzly-http-servlet-2.3.19.jar:/Users/mm6/.m2/repository/org/glassfish/jersey/test-framework/providers/jersey-test-framework-provider-inmemory/2.18/jersey-test-framework-provider-inmemory-2.18.jar:/Users/mm6/.m2/repository/org/glassfish/jersey/test-framework/providers/jersey-test-framework-provider-external/2.18/jersey-test-framework-provider-external-2.18.jar:/Users/mm6/.m2/repository/org/glassfish/jersey/test-framework/providers/jersey-test-framework-provider-jdk-http/2.18/jersey-test-framework-provider-jdk-http-2.18.jar:/Users/mm6/.m2/repository/org/glassfish/jersey/containers/jersey-container-jdk-http/2.18/jersey-container-jdk-http-2.18.jar:/Users/mm6/.m2/repository/org/glassfish/jersey/test-framework/providers/jersey-test-framework-provider-simple/2.18/jersey-test-framework-provider-simple-2.18.jar:/Users/mm6/.m2/repository/org/glassfish/jersey/containers/jersey-container-simple-http/2.18/jersey-container-simple-http-2.18.jar:/Users/mm6/.m2/repository/org/simpleframework/simple/5.1.4/simple-5.1.4.jar:/Users/mm6/.m2/repository/org/glassfish/jersey/test-framework/providers/jersey-test-framework-provider-jetty/2.18/jersey-test-framework-provider-jetty-2.18.jar:/Users/mm6/.m2/repository/org/glassfish/jersey/containers/jersey-container-jetty-http/2.18/jersey-container-jetty-http-2.18.jar:/Users/mm6/.m2/repository/org/eclipse/jetty/jetty-continuation/9.1.1.v20140108/jetty-continuation-9.1.1.v20140108.jar:/Users/mm6/.m2/repository/junit/junit/4.11/junit-4.11.jar:/Users/mm6/.m2/repository/org/hamcrest/hamcrest-core/1.3/hamcrest-core-1.3.jar:/Users/mm6/.m2/repository/org/ow2/asm/asm-debug-all/5.0.3/asm-debug-all-5.0.3.jar:"/>
    <property name="java.specification.name" value="Java Platform API Specification"/>
    <property name="java.class.version" value="52.0"/>
    <property name="sun.management.compiler" value="HotSpot 64-Bit Tiered Compilers"/>
    <property name="os.version" value="10.7.5"/>
    <property name="http.nonProxyHosts" value="local|*.local|169.254/16|*.169.254/16"/>
    <property name="user.home" value="/Users/mm6"/>
    <property name="user.timezone" value="America/New_York"/>
    <property name="java.awt.printerjob" value="sun.lwawt.macosx.CPrinterJob"/>
    <property name="java.specification.version" value="1.8"/>
    <property name="file.encoding" value="UTF-8"/>
    <property name="user.name" value="mm6"/>
    <property name="java.class.path" value="/Users/mm6/mm6/www/95-733/HerokuTesting6/simple-heroku-webapp/target/test-classes:/Users/mm6/mm6/www/95-733/HerokuTesting6/simple-heroku-webapp/target/classes:/Users/mm6/.m2/repository/org/glassfish/jersey/containers/jersey-container-servlet/2.18/jersey-container-servlet-2.18.jar:/Users/mm6/.m2/repository/org/glassfish/jersey/containers/jersey-container-servlet-core/2.18/jersey-container-servlet-core-2.18.jar:/Users/mm6/.m2/repository/org/glassfish/hk2/external/javax.inject/2.4.0-b12/javax.inject-2.4.0-b12.jar:/Users/mm6/.m2/repository/org/glassfish/jersey/core/jersey-common/2.18/jersey-common-2.18.jar:/Users/mm6/.m2/repository/javax/annotation/javax.annotation-api/1.2/javax.annotation-api-1.2.jar:/Users/mm6/.m2/repository/org/glassfish/jersey/bundles/repackaged/jersey-guava/2.18/jersey-guava-2.18.jar:/Users/mm6/.m2/repository/org/glassfish/hk2/hk2-api/2.4.0-b12/hk2-api-2.4.0-b12.jar:/Users/mm6/.m2/repository/org/glassfish/hk2/hk2-utils/2.4.0-b12/hk2-utils-2.4.0-b12.jar:/Users/mm6/.m2/repository/org/glassfish/hk2/external/aopalliance-repackaged/2.4.0-b12/aopalliance-repackaged-2.4.0-b12.jar:/Users/mm6/.m2/repository/org/glassfish/hk2/hk2-locator/2.4.0-b12/hk2-locator-2.4.0-b12.jar:/Users/mm6/.m2/repository/org/javassist/javassist/3.18.1-GA/javassist-3.18.1-GA.jar:/Users/mm6/.m2/repository/org/glassfish/hk2/osgi-resource-locator/1.0.1/osgi-resource-locator-1.0.1.jar:/Users/mm6/.m2/repository/org/glassfish/jersey/core/jersey-server/2.18/jersey-server-2.18.jar:/Users/mm6/.m2/repository/org/glassfish/jersey/core/jersey-client/2.18/jersey-client-2.18.jar:/Users/mm6/.m2/repository/org/glassfish/jersey/media/jersey-media-jaxb/2.18/jersey-media-jaxb-2.18.jar:/Users/mm6/.m2/repository/javax/validation/validation-api/1.1.0.Final/validation-api-1.1.0.Final.jar:/Users/mm6/.m2/repository/javax/ws/rs/javax.ws.rs-api/2.0.1/javax.ws.rs-api-2.0.1.jar:/Users/mm6/.m2/repository/org/eclipse/jetty/jetty-servlet/9.0.6.v20130930/jetty-servlet-9.0.6.v20130930.jar:/Users/mm6/.m2/repository/org/eclipse/jetty/jetty-security/9.0.6.v20130930/jetty-security-9.0.6.v20130930.jar:/Users/mm6/.m2/repository/org/eclipse/jetty/jetty-server/9.0.6.v20130930/jetty-server-9.0.6.v20130930.jar:/Users/mm6/.m2/repository/org/eclipse/jetty/orbit/javax.servlet/3.0.0.v201112011016/javax.servlet-3.0.0.v201112011016.jar:/Users/mm6/.m2/repository/org/eclipse/jetty/jetty-http/9.0.6.v20130930/jetty-http-9.0.6.v20130930.jar:/Users/mm6/.m2/repository/org/eclipse/jetty/jetty-io/9.0.6.v20130930/jetty-io-9.0.6.v20130930.jar:/Users/mm6/.m2/repository/org/eclipse/jetty/jetty-webapp/9.0.6.v20130930/jetty-webapp-9.0.6.v20130930.jar:/Users/mm6/.m2/repository/org/eclipse/jetty/jetty-xml/9.0.6.v20130930/jetty-xml-9.0.6.v20130930.jar:/Users/mm6/.m2/repository/org/eclipse/jetty/jetty-util/9.0.6.v20130930/jetty-util-9.0.6.v20130930.jar:/Users/mm6/.m2/repository/org/glassfish/jersey/test-framework/providers/jersey-test-framework-provider-grizzly2/2.18/jersey-test-framework-provider-grizzly2-2.18.jar:/Users/mm6/.m2/repository/org/glassfish/jersey/test-framework/jersey-test-framework-core/2.18/jersey-test-framework-core-2.18.jar:/Users/mm6/.m2/repository/javax/servlet/javax.servlet-api/3.0.1/javax.servlet-api-3.0.1.jar:/Users/mm6/.m2/repository/org/glassfish/jersey/containers/jersey-container-grizzly2-http/2.18/jersey-container-grizzly2-http-2.18.jar:/Users/mm6/.m2/repository/org/glassfish/grizzly/grizzly-http-server/2.3.19/grizzly-http-server-2.3.19.jar:/Users/mm6/.m2/repository/org/glassfish/grizzly/grizzly-http/2.3.19/grizzly-http-2.3.19.jar:/Users/mm6/.m2/repository/org/glassfish/grizzly/grizzly-framework/2.3.19/grizzly-framework-2.3.19.jar:/Users/mm6/.m2/repository/org/glassfish/jersey/containers/jersey-container-grizzly2-servlet/2.18/jersey-container-grizzly2-servlet-2.18.jar:/Users/mm6/.m2/repository/org/glassfish/grizzly/grizzly-http-servlet/2.3.19/grizzly-http-servlet-2.3.19.jar:/Users/mm6/.m2/repository/org/glassfish/jersey/test-framework/providers/jersey-test-framework-provider-inmemory/2.18/jersey-test-framework-provider-inmemory-2.18.jar:/Users/mm6/.m2/repository/org/glassfish/jersey/test-framework/providers/jersey-test-framework-provider-external/2.18/jersey-test-framework-provider-external-2.18.jar:/Users/mm6/.m2/repository/org/glassfish/jersey/test-framework/providers/jersey-test-framework-provider-jdk-http/2.18/jersey-test-framework-provider-jdk-http-2.18.jar:/Users/mm6/.m2/repository/org/glassfish/jersey/containers/jersey-container-jdk-http/2.18/jersey-container-jdk-http-2.18.jar:/Users/mm6/.m2/repository/org/glassfish/jersey/test-framework/providers/jersey-test-framework-provider-simple/2.18/jersey-test-framework-provider-simple-2.18.jar:/Users/mm6/.m2/repository/org/glassfish/jersey/containers/jersey-container-simple-http/2.18/jersey-container-simple-http-2.18.jar:/Users/mm6/.m2/repository/org/simpleframework/simple/5.1.4/simple-5.1.4.jar:/Users/mm6/.m2/repository/org/glassfish/jersey/test-framework/providers/jersey-test-framework-provider-jetty/2.18/jersey-test-framework-provider-jetty-2.18.jar:/Users/mm6/.m2/repository/org/glassfish/jersey/containers/jersey-container-jetty-http/2.18/jersey-container-jetty-http-2.18.jar:/Users/mm6/.m2/repository/org/eclipse/jetty/jetty-continuation/9.1.1.v20140108/jetty-continuation-9.1.1.v20140108.jar:/Users/mm6/.m2/repository/junit/junit/4.11/junit-4.11.jar:/Users/mm6/.m2/repository/org/hamcrest/hamcrest-core/1.3/hamcrest-core-1.3.jar:/Users/mm6/.m2/repository/org/ow2/asm/asm-debug-all/5.0.3/asm-debug-all-5.0.3.jar:"/>
    <property name="java.vm.specification.version" value="1.8"/>
    <property name="sun.arch.data.model" value="64"/>
    <property name="java.home" value="/Library/Java/JavaVirtualMachines/jdk1.8.0_45.jdk/Contents/Home/jre"/>
    <property name="sun.java.command" value="/Users/mm6/mm6/www/95-733/HerokuTesting6/simple-heroku-webapp/target/surefire/surefirebooter6690955229336078297.jar /Users/mm6/mm6/www/95-733/HerokuTesting6/simple-heroku-webapp/target/surefire/surefire7046367767979899520tmp /Users/mm6/mm6/www/95-733/HerokuTesting6/simple-heroku-webapp/target/surefire/surefire1714383357873080877tmp"/>
    <property name="java.specification.vendor" value="Oracle Corporation"/>
    <property name="user.language" value="en"/>
    <property name="awt.toolkit" value="sun.lwawt.macosx.LWCToolkit"/>
    <property name="java.vm.info" value="mixed mode"/>
    <property name="java.version" value="1.8.0_45"/>
    <property name="java.ext.dirs" value="/Users/mm6/Library/Java/Extensions:/Library/Java/JavaVirtualMachines/jdk1.8.0_45.jdk/Contents/Home/jre/lib/ext:/Library/Java/Extensions:/Network/Library/Java/Extensions:/System/Library/Java/Extensions:/usr/lib/java"/>
    <property name="sun.boot.class.path" value="/Library/Java/JavaVirtualMachines/jdk1.8.0_45.jdk/Contents/Home/jre/lib/resources.jar:/Library/Java/JavaVirtualMachines/jdk1.8.0_45.jdk/Contents/Home/jre/lib/rt.jar:/Library/Java/JavaVirtualMachines/jdk1.8.0_45.jdk/Contents/Home/jre/lib/sunrsasign.jar:/Library/Java/JavaVirtualMachines/jdk1.8.0_45.jdk/Contents/Home/jre/lib/jsse.jar:/Library/Java/JavaVirtualMachines/jdk1.8.0_45.jdk/Contents/Home/jre/lib/jce.jar:/Library/Java/JavaVirtualMachines/jdk1.8.0_45.jdk/Contents/Home/jre/lib/charsets.jar:/Library/Java/JavaVirtualMachines/jdk1.8.0_45.jdk/Contents/Home/jre/lib/jfr.jar:/Library/Java/JavaVirtualMachines/jdk1.8.0_45.jdk/Contents/Home/jre/classes"/>
    <property name="java.vendor" value="Oracle Corporation"/>
    <property name="localRepository" value="/Users/mm6/.m2/repository"/>
    <property name="file.separator" value="/"/>
    <property name="java.vendor.url.bug" value="http://bugreport.sun.com/bugreport/"/>
    <property name="sun.cpu.endian" value="little"/>
    <property name="sun.io.unicode.encoding" value="UnicodeBig"/>
    <property name="socksNonProxyHosts" value="local|*.local|169.254/16|*.169.254/16"/>
    <property name="ftp.nonProxyHosts" value="local|*.local|169.254/16|*.169.254/16"/>
    <property name="sun.cpu.isalist" value=""/>
  </properties>
  <testcase classname="com.example.MyResourceTest" name="testGetIt" time="1.581"/>
</testsuite>